-------------------------------------------------------------------------------
Test set: com.training.fisrt.app.MobileAppsWsApplicationTests
-------------------------------------------------------------------------------
Tests run: 1, Failures: 0, Errors: 1, Skipped: 0, Time elapsed: 0.229 s <<< FAILURE! - in com.training.fisrt.app.MobileAppsWsApplicationTests
com.training.fisrt.app.MobileAppsWsApplicationTests  Time elapsed: 0.228 s  <<< ERROR!
java.lang.IllegalStateException: Unable to find a @SpringBootConfiguration, you need to use @ContextConfiguration or @SpringBootTest(classes=...) with your test

