<?xml version="1.0" encoding="UTF-8"?>
<testsuite xmlns:xsi="http://www.w3.org/2001/XMLSchema-instance" xsi:noNamespaceSchemaLocation="https://maven.apache.org/surefire/maven-surefire-plugin/xsd/surefire-test-report.xsd" name="com.training.fisrt.app.MobileAppsWsApplicationTests" time="0.229" tests="1" errors="1" skipped="0" failures="0">
  <properties>
[...]
</properties>
  <testcase name="com.training.fisrt.app.MobileAppsWsApplicationTests" classname="com.training.fisrt.app.MobileAppsWsApplicationTests" time="0.228">
    <error message="Unable to find a @SpringBootConfiguration, you need to use @ContextConfiguration or @SpringBootTest(classes=...) with your test" type="java.lang.IllegalStateException">java.lang.IllegalStateException: Unable to find a @SpringBootConfiguration, you need to use @ContextConfiguration or @SpringBootTest(classes=...) with your test
</error>
    <system-out><![CDATA[18:25:39.714 [main] DEBUG org.springframework.test.context.BootstrapUtils - Instantiating CacheAwareContextLoaderDelegate from class [org.springframework.test.context.cache.DefaultCacheAwareContextLoaderDelegate]
18:25:39.725 [main] DEBUG org.springframework.test.context.BootstrapUtils - Instantiating BootstrapContext using constructor [public org.springframework.test.context.support.DefaultBootstrapContext(java.lang.Class,org.springframework.test.context.CacheAwareContextLoaderDelegate)]
18:25:39.756 [main] DEBUG org.springframework.test.context.BootstrapUtils - Instantiating TestContextBootstrapper for test class [com.training.fisrt.app.MobileAppsWsApplicationTests] from class [org.springframework.boot.test.context.SpringBootTestContextBootstrapper]
18:25:39.768 [main] INFO org.springframework.boot.test.context.SpringBootTestContextBootstrapper - Neither @ContextConfiguration nor @ContextHierarchy found for test class [com.training.fisrt.app.MobileAppsWsApplicationTests], using SpringBootContextLoader
18:25:39.771 [main] DEBUG org.springframework.test.context.support.AbstractContextLoader - Did not detect default resource location for test class [com.training.fisrt.app.MobileAppsWsApplicationTests]: class path resource [com/training/fisrt/app/MobileAppsWsApplicationTests-context.xml] does not exist
18:25:39.771 [main] DEBUG org.springframework.test.context.support.AbstractContextLoader - Did not detect default resource location for test class [com.training.fisrt.app.MobileAppsWsApplicationTests]: class path resource [com/training/fisrt/app/MobileAppsWsApplicationTestsContext.groovy] does not exist
18:25:39.771 [main] INFO org.springframework.test.context.support.AbstractContextLoader - Could not detect default resource locations for test class [com.training.fisrt.app.MobileAppsWsApplicationTests]: no resource found for suffixes {-context.xml, Context.groovy}.
18:25:39.772 [main] INFO org.springframework.test.context.support.AnnotationConfigContextLoaderUtils - Could not detect default configuration classes for test class [com.training.fisrt.app.MobileAppsWsApplicationTests]: MobileAppsWsApplicationTests does not declare any static, non-private, non-final, nested classes annotated with @Configuration.
18:25:39.817 [main] DEBUG org.springframework.test.context.support.ActiveProfilesUtils - Could not find an 'annotation declaring class' for annotation type [org.springframework.test.context.ActiveProfiles] and class [com.training.fisrt.app.MobileAppsWsApplicationTests]
]]></system-out>
  </testcase>
</testsuite>